d:\_users\desktop\decide1\decide\decide\debug\vc120.pdb
d:\_users\desktop\decide1\decide\decide\debug\vc120.idb
d:\_users\desktop\decide1\decide\decide\debug\character.obj
d:\_users\desktop\decide1\decide\decide\debug\chararingframe.obj
d:\_users\desktop\decide1\decide\decide\debug\charaselectscene.obj
d:\_users\desktop\decide1\decide\decide\debug\damagecollision.obj
d:\_users\desktop\decide1\decide\decide\debug\decide.obj
d:\_users\desktop\decide1\decide\decide\debug\gamecamera.obj
d:\_users\desktop\decide1\decide\decide\debug\gamelight.obj
d:\_users\desktop\decide1\decide\decide\debug\gamerule.obj
d:\_users\desktop\decide1\decide\decide\debug\gameshadowcamera.obj
d:\_users\desktop\decide1\decide\decide\debug\item.obj
d:\_users\desktop\decide1\decide\decide\debug\playerparameter.obj
d:\_users\desktop\decide1\decide\decide\debug\player.obj
d:\_users\desktop\decide1\decide\decide\debug\charaselect.obj
d:\_users\desktop\decide1\decide\decide\debug\resultscene.obj
d:\_users\desktop\decide1\decide\decide\debug\selectcamera.obj
d:\_users\desktop\decide1\decide\decide\debug\showmodel.obj
d:\_users\desktop\decide1\decide\decide\debug\sky.obj
d:\_users\desktop\decide1\decide\decide\debug\stage.obj
d:\_users\desktop\decide1\decide\decide\debug\attackcollision.obj
d:\_users\desktop\decide1\decide\decide\debug\titlescene.obj
d:\_users\desktop\decide1\decide\decide\debug\battlescene.obj
d:\_users\desktop\新しいフォルダー (2)\decide\decide\debug\vc120.pdb
d:\_users\desktop\新しいフォルダー (2)\decide\decide\debug\vc120.idb
d:\_users\desktop\新しいフォルダー (2)\decide\decide\debug\decide.obj
d:\_users\desktop\新しいフォルダー (2)\decide\decide\debug\titlescene.obj
d:\_users\desktop\decide1\decide\debug\decide.ilk
d:\_users\desktop\decide1\decide\debug\decide.exe
d:\_users\desktop\decide1\decide\debug\decide.pdb
d:\_users\desktop\新しいフォルダー (2)\decide\debug\decide.ilk
d:\_users\desktop\新しいフォルダー (2)\decide\debug\decide.exe
d:\_users\desktop\新しいフォルダー (2)\decide\debug\decide.pdb
d:\_users\desktop\decide1\decide\decide\debug\decide.res
d:\_users\desktop\新しいフォルダー (2)\decide\decide\debug\decide.res
d:\_users\desktop\新しいフォルダー (2)\decide\decide\debug\attackcollision.obj
d:\_users\desktop\新しいフォルダー (2)\decide\decide\debug\battlescene.obj
d:\_users\desktop\新しいフォルダー (2)\decide\decide\debug\character.obj
d:\_users\desktop\新しいフォルダー (2)\decide\decide\debug\chararingframe.obj
d:\_users\desktop\新しいフォルダー (2)\decide\decide\debug\charaselect.obj
d:\_users\desktop\新しいフォルダー (2)\decide\decide\debug\charaselectscene.obj
d:\_users\desktop\新しいフォルダー (2)\decide\decide\debug\damagecollision.obj
d:\_users\desktop\新しいフォルダー (2)\decide\decide\debug\gamecamera.obj
d:\_users\desktop\新しいフォルダー (2)\decide\decide\debug\gamelight.obj
d:\_users\desktop\新しいフォルダー (2)\decide\decide\debug\gamerule.obj
d:\_users\desktop\新しいフォルダー (2)\decide\decide\debug\gameshadowcamera.obj
d:\_users\desktop\新しいフォルダー (2)\decide\decide\debug\item.obj
d:\_users\desktop\新しいフォルダー (2)\decide\decide\debug\player.obj
d:\_users\desktop\新しいフォルダー (2)\decide\decide\debug\playerparameter.obj
d:\_users\desktop\新しいフォルダー (2)\decide\decide\debug\resultscene.obj
d:\_users\desktop\新しいフォルダー (2)\decide\decide\debug\selectcamera.obj
d:\_users\desktop\新しいフォルダー (2)\decide\decide\debug\showmodel.obj
d:\_users\desktop\新しいフォルダー (2)\decide\decide\debug\sky.obj
d:\_users\desktop\新しいフォルダー (2)\decide\decide\debug\stage.obj
d:\_users\desktop\新しいフォルダー (2)\decide\decide\debug\decide.tlog\cl.command.1.tlog
d:\_users\desktop\新しいフォルダー (2)\decide\decide\debug\decide.tlog\cl.read.1.tlog
d:\_users\desktop\新しいフォルダー (2)\decide\decide\debug\decide.tlog\cl.write.1.tlog
d:\_users\desktop\新しいフォルダー (2)\decide\decide\debug\decide.tlog\link.command.1.tlog
d:\_users\desktop\新しいフォルダー (2)\decide\decide\debug\decide.tlog\link.read.1.tlog
d:\_users\desktop\新しいフォルダー (2)\decide\decide\debug\decide.tlog\link.write.1.tlog
d:\_users\desktop\新しいフォルダー (2)\decide\decide\debug\decide.tlog\rc.command.1.tlog
d:\_users\desktop\新しいフォルダー (2)\decide\decide\debug\decide.tlog\rc.read.1.tlog
d:\_users\desktop\新しいフォルダー (2)\decide\decide\debug\decide.tlog\rc.write.1.tlog
