  stdafx.cpp
  XInput.cpp
  WaveFileBank.cpp
  WaveFile.cpp
  Vertex.cpp
c:\github\game\新しいフォルダー (2)\fbengine\fbengine\vertex.cpp(72): warning C4267: '=': 'size_t' から 'WORD' に変換しました。データが失われているかもしれません。
  Vector.cpp
  Transform.cpp
  ParticleEmitter.cpp
c:\github\game\新しいフォルダー (2)\fbengine\fbengine\particleemitter.cpp(61): warning C4244: '+=': 'const double' から 'float' への変換です。データが失われる可能性があります。
  Time.cpp
  TextureManager.cpp
  TextObject.cpp
  Text.cpp
  Support.cpp
c:\github\game\新しいフォルダー (2)\fbengine\fbengine\support.cpp(94): warning C4267: '初期化中': 'size_t' から 'short' に変換しました。データが失われているかもしれません。
  SquareCollision.cpp
c:\github\game\新しいフォルダー (2)\fbengine\fbengine\squarecollision.cpp(7): warning C4838: 'float' から 'LONG' への変換には縮小変換が必要です
c:\github\game\新しいフォルダー (2)\fbengine\fbengine\squarecollision.cpp(7): warning C4244: '初期化中': 'float' から 'LONG' への変換です。データが失われる可能性があります。
  SpriteAnimation.cpp
c:\github\game\新しいフォルダー (2)\fbengine\fbengine\spriteanimation.cpp(22): warning C4244: '+=': 'const double' から 'float' への変換です。データが失われる可能性があります。
c:\github\game\新しいフォルダー (2)\fbengine\fbengine\spriteanimation.cpp(30): warning C4244: '=': 'float' から 'int' への変換です。データが失われる可能性があります。
  Sprite.cpp
c:\github\game\新しいフォルダー (2)\fbengine\fbengine\sprite.cpp(130): warning C4244: '引数': 'double' から 'FLOAT' への変換です。データが失われる可能性があります。
c:\github\game\新しいフォルダー (2)\fbengine\fbengine\sprite.cpp(220): warning C4244: '+=': 'const double' から 'float' への変換です。データが失われる可能性があります。
  SphereCollider.cpp
  SoundSource.cpp
c:\github\game\新しいフォルダー (2)\fbengine\fbengine\soundsource.cpp(248): warning C4244: '引数': 'const double' から 'float' への変換です。データが失われる可能性があります。
  SoundEngine.cpp
c:\github\game\新しいフォルダー (2)\fbengine\fbengine\soundengine.cpp(258): warning C4244: '初期化中': 'const double' から 'float' への変換です。データが失われる可能性があります。
  SkinModelManager.cpp
  SkinModelData.cpp
c:\github\game\新しいフォルダー (2)\fbengine\fbengine\skinmodeldata.cpp(283): warning C4316: 'D3DXFRAME_DERIVED': ヒープで割り当てられたオブジェクトが 16 にアラインメントされていない可能性があります
c:\github\game\新しいフォルダー (2)\fbengine\fbengine\skinmodeldata.cpp(620): warning C4316: 'D3DXFRAME_DERIVED': ヒープで割り当てられたオブジェクトが 16 にアラインメントされていない可能性があります
c:\github\game\新しいフォルダー (2)\fbengine\fbengine\skinmodeldata.cpp(664): warning C4316: 'D3DXFRAME_DERIVED': ヒープで割り当てられたオブジェクトが 16 にアラインメントされていない可能性があります
c:\github\game\新しいフォルダー (2)\fbengine\fbengine\skinmodeldata.cpp(673): warning C4316: 'D3DXFRAME_DERIVED': ヒープで割り当てられたオブジェクトが 16 にアラインメントされていない可能性があります
  コードを生成中...
  コンパイル中...
  SkinModel.cpp
c:\github\game\新しいフォルダー (2)\fbengine\fbengine\skinmodel.cpp(156): warning C4305: '引数': 'double' から 'FLOAT' へ切り詰めます。
  ShadowCamera.cpp
  SceneManager.cpp
  Scene.cpp
c:\github\game\新しいフォルダー (2)\fbengine\fbengine\scene.cpp(60): warning C4244: '初期化中': 'double' から 'float' への変換です。データが失われる可能性があります。
  RigidBody.cpp
  RenderTargetManager.cpp
c:\github\game\新しいフォルダー (2)\fbengine\fbengine\rendertargetmanager.cpp(26): warning C4244: '引数': 'float' から 'UINT' への変換です。データが失われる可能性があります。
c:\github\game\新しいフォルダー (2)\fbengine\fbengine\rendertargetmanager.cpp(45): warning C4244: '引数': 'float' から 'UINT' への変換です。データが失われる可能性があります。
  Random.cpp
  PlatePrimitive.cpp
  Physics.cpp
c:\github\game\新しいフォルダー (2)\fbengine\fbengine\physics.cpp(48): warning C4305: '引数': 'double' から 'const btScalar' へ切り詰めます。
  Particle.cpp
c:\github\game\新しいフォルダー (2)\fbengine\fbengine\particle.cpp(52): warning C4244: '初期化中': 'const double' から 'float' への変換です。データが失われる可能性があります。
c:\github\game\新しいフォルダー (2)\fbengine\fbengine\particle.cpp(205): warning C4244: '=': 'double' から 'float' への変換です。データが失われる可能性があります。
  GameObjectManager.cpp
  Game.cpp
  Object.cpp
  Movie.cpp
c:\github\game\新しいフォルダー (2)\fbengine\fbengine\movie.cpp(104): warning C4244: '引数': 'REFTIME' から 'long' への変換です。データが失われる可能性があります。
  Mouse.cpp
c:\github\game\新しいフォルダー (2)\fbengine\fbengine\mouse.cpp(93): warning C4244: '引数': 'LONG' から 'float' への変換です。データが失われる可能性があります。
  ModelOject.cpp
  MeshCollider.cpp
  Material.cpp
  Light.cpp
  KeyBoard .cpp
  コードを生成中...
c:\github\game\新しいフォルダー (2)\fbengine\fbengine\light.cpp(30): warning C4172: ローカル変数またはテンポラリのアドレスを返します
  コンパイル中...
  InputManager.cpp
  ImageObject.cpp
  GraphicsDevice.cpp
  GostCollision.cpp
  GameObject.cpp
  FPS.cpp
  FontManager.cpp
c:\github\game\新しいフォルダー (2)\fbengine\fbengine\fontmanager.cpp(148): warning C4244: '引数': 'int' から 'float' への変換です。データが失われる可能性があります。
c:\github\game\新しいフォルダー (2)\fbengine\fbengine\fontmanager.cpp(175): warning C4838: 'float' から 'LONG' への変換には縮小変換が必要です
c:\github\game\新しいフォルダー (2)\fbengine\fbengine\fontmanager.cpp(175): warning C4244: '初期化中': 'float' から 'LONG' への変換です。データが失われる可能性があります。
c:\github\game\新しいフォルダー (2)\fbengine\fbengine\fontmanager.cpp(177): warning C4838: 'float' から 'LONG' への変換には縮小変換が必要です
c:\github\game\新しいフォルダー (2)\fbengine\fbengine\fontmanager.cpp(177): warning C4244: '初期化中': 'float' から 'LONG' への変換です。データが失われる可能性があります。
c:\github\game\新しいフォルダー (2)\fbengine\fbengine\fontmanager.cpp(199): warning C4244: '引数': 'float' から 'int' への変換です。データが失われる可能性があります。
c:\github\game\新しいフォルダー (2)\fbengine\fbengine\fontmanager.cpp(251): warning C4244: '初期化中': 'float' から 'unsigned int' への変換です。データが失われる可能性があります。
c:\github\game\新しいフォルダー (2)\fbengine\fbengine\fontmanager.cpp(252): warning C4244: '初期化中': 'float' から 'unsigned int' への変換です。データが失われる可能性があります。
c:\github\game\新しいフォルダー (2)\fbengine\fbengine\fontmanager.cpp(253): warning C4244: '初期化中': 'float' から 'unsigned int' への変換です。データが失われる可能性があります。
c:\github\game\新しいフォルダー (2)\fbengine\fbengine\fontmanager.cpp(272): warning C4244: '引数': 'int' から 'float' への変換です。データが失われる可能性があります。
  EffectManager.cpp
  ComponentManager.cpp
  Component.cpp
  Color.cpp
  CollisionObject.cpp
  Collision.cpp
  CircleCollision.cpp
  CharacterController.cpp
  CapsuleCollider.cpp
  Camera.cpp
  BoxCollider.cpp
  Bloom.cpp
c:\github\game\新しいフォルダー (2)\fbengine\fbengine\bloom.cpp(47): warning C4244: '初期化中': 'float' から 'int' への変換です。データが失われる可能性があります。
c:\github\game\新しいフォルダー (2)\fbengine\fbengine\bloom.cpp(48): warning C4244: '初期化中': 'float' から 'int' への変換です。データが失われる可能性があります。
c:\github\game\新しいフォルダー (2)\fbengine\fbengine\bloom.cpp(66): warning C4244: '引数': 'int' から 'float' への変換です。データが失われる可能性があります。
c:\github\game\新しいフォルダー (2)\fbengine\fbengine\bloom.cpp(69): warning C4244: '引数': 'int' から 'float' への変換です。データが失われる可能性があります。
c:\github\game\新しいフォルダー (2)\fbengine\fbengine\bloom.cpp(74): warning C4244: '引数': 'int' から 'float' への変換です。データが失われる可能性があります。
  Animation.cpp
c:\github\game\新しいフォルダー (2)\fbengine\fbengine\animation.cpp(117): warning C4244: '+=': 'double' から 'float' への変換です。データが失われる可能性があります。
  コードを生成中...
Object.obj : warning LNK4221: このオブジェクト ファイルは、以前に未定義であったパブリック シンボルを定義していないため、このライブラリを使用するリンク操作では使用されません
Component.obj : warning LNK4221: このオブジェクト ファイルは、以前に未定義であったパブリック シンボルを定義していないため、このライブラリを使用するリンク操作では使用されません
  fbEngine.vcxproj -> C:\GitHub\game\新しいフォルダー (2)\Decide\Debug\fbEngine.lib
