  TitleScene.cpp
d:\_users\desktop\decide1\decide\decide\titlescene.cpp(53): fatal error C1010: プリコンパイル ヘッダーを検索中に不明な EOF が見つかりました。'#include "stdafx.h"' をソースに追加しましたか?
  AttackCollision.cpp
d:\_users\desktop\decide1\decide\decide\attackcollision.cpp(25): fatal error C1010: プリコンパイル ヘッダーを検索中に不明な EOF が見つかりました。'#include "stdafx.h"' をソースに追加しましたか?
  Stage.cpp
d:\_users\desktop\decide1\decide\decide\stage.cpp(31): fatal error C1010: プリコンパイル ヘッダーを検索中に不明な EOF が見つかりました。'#include "stdafx.h"' をソースに追加しましたか?
  Sky.cpp
d:\_users\desktop\decide1\decide\decide\sky.cpp(24): fatal error C1010: プリコンパイル ヘッダーを検索中に不明な EOF が見つかりました。'#include "stdafx.h"' をソースに追加しましたか?
  ShowModel.cpp
d:\_users\desktop\decide1\decide\decide\showmodel.cpp(18): fatal error C1010: プリコンパイル ヘッダーを検索中に不明な EOF が見つかりました。'#include "stdafx.h"' をソースに追加しましたか?
  SelectCamera.cpp
d:\_users\desktop\decide1\decide\decide\selectcamera.cpp(84): fatal error C1010: プリコンパイル ヘッダーを検索中に不明な EOF が見つかりました。'#include "stdafx.h"' をソースに追加しましたか?
  ResultScene.cpp
d:\_users\desktop\decide1\decide\decide\resultscene.cpp(92): fatal error C1010: プリコンパイル ヘッダーを検索中に不明な EOF が見つかりました。'#include "stdafx.h"' をソースに追加しましたか?
  PlayerState_Walk.cpp
c1xx : fatal error C1083: ソース ファイルを開けません。'PlayerState_Walk.cpp':No such file or directory
  PlayerState_Stay.cpp
c1xx : fatal error C1083: ソース ファイルを開けません。'PlayerState_Stay.cpp':No such file or directory
  PlayerState_Slash.cpp
c1xx : fatal error C1083: ソース ファイルを開けません。'PlayerState_Slash.cpp':No such file or directory
  PlayerState_Run.cpp
c1xx : fatal error C1083: ソース ファイルを開けません。'PlayerState_Run.cpp':No such file or directory
  PlayerState_Punch.cpp
c1xx : fatal error C1083: ソース ファイルを開けません。'PlayerState_Punch.cpp':No such file or directory
  PlayerState_KickCharge.cpp
c1xx : fatal error C1083: ソース ファイルを開けません。'PlayerState_KickCharge.cpp':No such file or directory
  PlayerState_Kick.cpp
c1xx : fatal error C1083: ソース ファイルを開けません。'PlayerState_Kick.cpp':No such file or directory
  PlayerState_Jump.cpp
c1xx : fatal error C1083: ソース ファイルを開けません。'PlayerState_Jump.cpp':No such file or directory
  PlayerState_Fall.cpp
c1xx : fatal error C1083: ソース ファイルを開けません。'PlayerState_Fall.cpp':No such file or directory
  PlayerState_Blow.cpp
c1xx : fatal error C1083: ソース ファイルを開けません。'PlayerState_Blow.cpp':No such file or directory
  CharaSelect.cpp
d:\_users\desktop\decide1\decide\decide\charaselect.cpp(204): fatal error C1010: プリコンパイル ヘッダーを検索中に不明な EOF が見つかりました。'#include "stdafx.h"' をソースに追加しましたか?
  Player.cpp
d:\_users\desktop\decide1\decide\decide\player.cpp(928): fatal error C1010: プリコンパイル ヘッダーを検索中に不明な EOF が見つかりました。'#include "stdafx.h"' をソースに追加しましたか?
  PlayerParameter.cpp
d:\_users\desktop\decide1\decide\decide\playerparameter.cpp(113): fatal error C1010: プリコンパイル ヘッダーを検索中に不明な EOF が見つかりました。'#include "stdafx.h"' をソースに追加しましたか?
  コードを生成中...
  コンパイル中...
  Item.cpp
d:\_users\desktop\decide1\decide\decide\item.cpp(72): fatal error C1010: プリコンパイル ヘッダーを検索中に不明な EOF が見つかりました。'#include "stdafx.h"' をソースに追加しましたか?
  GameShadowCamera.cpp
d:\_users\desktop\decide1\decide\decide\gameshadowcamera.cpp(93): fatal error C1010: プリコンパイル ヘッダーを検索中に不明な EOF が見つかりました。'#include "stdafx.h"' をソースに追加しましたか?
  GameRule.cpp
d:\_users\desktop\decide1\decide\decide\gamerule.cpp(204): fatal error C1010: プリコンパイル ヘッダーを検索中に不明な EOF が見つかりました。'#include "stdafx.h"' をソースに追加しましたか?
  GameLight.cpp
d:\_users\desktop\decide1\decide\decide\gamelight.cpp(29): fatal error C1010: プリコンパイル ヘッダーを検索中に不明な EOF が見つかりました。'#include "stdafx.h"' をソースに追加しましたか?
  GameCamera.cpp
d:\_users\desktop\decide1\decide\decide\gamecamera.cpp(87): fatal error C1010: プリコンパイル ヘッダーを検索中に不明な EOF が見つかりました。'#include "stdafx.h"' をソースに追加しましたか?
  Decide.cpp
d:\_users\desktop\decide1\decide\decide\decide.cpp(162): fatal error C1010: プリコンパイル ヘッダーを検索中に不明な EOF が見つかりました。'#include "stdafx.h"' をソースに追加しましたか?
  DamageCollision.cpp
d:\_users\desktop\decide1\decide\decide\damagecollision.cpp(24): fatal error C1010: プリコンパイル ヘッダーを検索中に不明な EOF が見つかりました。'#include "stdafx.h"' をソースに追加しましたか?
  CharaSelectScene.cpp
d:\_users\desktop\decide1\decide\decide\charaselectscene.cpp(226): fatal error C1010: プリコンパイル ヘッダーを検索中に不明な EOF が見つかりました。'#include "stdafx.h"' をソースに追加しましたか?
  CharaRingFrame.cpp
d:\_users\desktop\decide1\decide\decide\chararingframe.cpp(36): fatal error C1010: プリコンパイル ヘッダーを検索中に不明な EOF が見つかりました。'#include "stdafx.h"' をソースに追加しましたか?
  Character.cpp
d:\_users\desktop\decide1\decide\decide\character.cpp(9): fatal error C1010: プリコンパイル ヘッダーを検索中に不明な EOF が見つかりました。'#include "stdafx.h"' をソースに追加しましたか?
  BattleScene.cpp
d:\_users\desktop\decide1\decide\decide\battlescene.cpp(89): fatal error C1010: プリコンパイル ヘッダーを検索中に不明な EOF が見つかりました。'#include "stdafx.h"' をソースに追加しましたか?
  コードを生成中...
